     1                                  bits 32
     2                                  
     3                                  global start
     4                                  extern exit
     5                                  import exit msvcrt.dll
     6                                  
     7                                  segment data use32 class=data
     8                                  
     9                                  segment code use32 class=code
    10                                  
    11                                  start:  ; 14/6
    12 00000000 66B80E00                    mov AX, 14 ; AX=14
    13 00000004 B306                        MOV BL, 6 ; BL=6
    14 00000006 F6F3                        DIV BL ; AL=AX/BL, AH=AX%BL
    15                                      
    16 00000008 6A00                        PUSH dword 0
    17 0000000A FF15[00000000]              call [exit]
    18                                  
    19                                  
    20                                  
    21                                      
