     1                                  bits 32
     2                                  global start        
     3                                  
     4                                  extern exit, scanf, fprintf, printf, fopen, fclose
     5                                  import exit msvcrt.dll              
     6                                  import scanf msvcrt.dll
     7                                  import fprintf msvcrt.dll
     8                                  import printf msvcrt.dll
     9                                  import fopen msvcrt.dll
    10                                  import fclose msvcrt.dll
    11                                  
    12                                  segment data use32 class=data
    13 00000000 00000000                    number dd 0
    14 00000004 456E746572206E3A20-         read_number_message db 'Enter n: ', 0
    14 0000000D 00                 
    15 0000000E 456E74657220776F72-         read_word_message db 'Enter word: ', 0
    15 00000017 643A2000           
    16 0000001B 70726163746963312E-         file_name db 'practic1.txt', 0
    16 00000024 74787400           
    17 00000028 6100                        access_mode db 'a', 0
    18 0000002A 256400                      number_format db '%d', 0
    19 0000002D 257300                      string_format db '%s', 0
    20 00000030 00<rept>                    string times 100 db 0
    21 00000094 00                          last_letter db 0
    22 00000095 00000000                    length_of_word dd 0
    23 00000099 FFFFFFFF                    file_descriptor dd -1
    24 0000009D 00000000                    end_of_word dd 0
    25 000000A1 25630A0D00                  char_format db '%c',10, 13, 0
    26                                      
    27                                  segment code use32 class=code
    28                                      start:
    29                                          
    30 00000000 68[28000000]                    push dword access_mode
    31 00000005 68[1B000000]                    push dword file_name
    32 0000000A FF15[00000000]                  call [fopen]
    33                                          
    34 00000010 83F800                          cmp eax, 0
    35 00000013 0F84CB000000                    je end_of_program
    36 00000019 A3[99000000]                    mov [file_descriptor], eax
    37                                          
    38 0000001E 68[04000000]                    push dword read_number_message
    39 00000023 FF15[00000000]                  call [printf]
    40 00000029 83C404                          add esp, 4
    41                                          
    42 0000002C 68[00000000]                    push dword number
    43 00000031 68[2A000000]                    push dword number_format
    44 00000036 FF15[00000000]                  call [scanf]
    45 0000003C 83C408                          add esp, 4*2
    46                                          
    47                                          read_words:
    48 0000003F 68[0E000000]                        push dword read_word_message
    49 00000044 FF15[00000000]                      call [printf]
    50 0000004A 83C404                              add esp, 4
    51                                              
    52 0000004D 68[30000000]                        push dword string
    53 00000052 68[2D000000]                        push dword string_format
    54 00000057 FF15[00000000]                      call [scanf]
    55 0000005D 83C408                              add esp, 4*2
    56                                              
    57 00000060 BE[30000000]                        mov esi, string
    58                                                  
    59                                              ; compara cu '#' si sari la final
    60 00000065 803E23                              cmp byte [esi], '#'
    61 00000068 747A                                je end_of_program
    62                                              
    63                                              
    64 0000006A AC                                  lodsb    ; al has the first letter of the word
    65                                              
    66 0000006B 4E                                  dec esi
    67                                              
    68                                              find_last_letter:
    69 0000006C 46                                  inc esi
    70 0000006D 803E00                              cmp byte [esi], 0
    71 00000070 75FA                                jne find_last_letter
    72                                              
    73 00000072 8A66FF                              mov ah,[esi-1]
    74 00000075 8825[94000000]                      mov [last_letter], ah
    75                                              
    76 0000007B 3A05[94000000]                      cmp al, [last_letter]
    77 00000081 754C                                jne clean_string
    78                                              
    79 00000083 8935[9D000000]                      mov dword[end_of_word], esi
    80 00000089 812D[9D000000]-                     sub dword[end_of_word], string
    80 0000008F [30000000]         
    81                                              
    82 00000093 A1[9D000000]                        mov eax, [end_of_word]
    83                                              
    84 00000098 3B05[00000000]                      cmp eax, [number]
    85 0000009E 752F                                jne clean_string
    86                                              
    87 000000A0 68[30000000]                        push dword string
    88 000000A5 68[2D000000]                        push dword string_format
    89 000000AA FF35[99000000]                      push dword [file_descriptor]
    90 000000B0 FF15[00000000]                      call [fprintf]
    91 000000B6 83C40C                              add esp, 4*3
    92                                              
    93 000000B9 6A20                                push dword " "
    94 000000BB 68[A1000000]                        push dword char_format
    95 000000C0 FF35[99000000]                      push dword [file_descriptor]
    96 000000C6 FF15[00000000]                      call [fprintf]
    97 000000CC 83C40C                              add esp, 4*3
    98                                              
    99                                              clean_string:
   100 000000CF BE[30000000]                        mov esi, string
   101 000000D4 B964000000                          mov ecx, 100
   102                                              clean_byte:
   103 000000D9 C60600                                  mov byte [esi], 0
   104 000000DC 46                                      inc esi
   105 000000DD E2FA                                    loop clean_byte
   106                                              
   107 000000DF E95BFFFFFF                          jmp read_words
   108                                          
   109                                          end_of_program:
   110                                          
   111 000000E4 FF35[99000000]                  push dword [file_descriptor]
   112 000000EA FF15[00000000]                  call [fclose]
   113 000000F0 83C404                          add esp, 4
   114                                          
   115 000000F3 6A00                            push    dword 0      
   116 000000F5 FF15[00000000]                  call    [exit]     
